<?xml version="1.0" encoding="UTF-8"?>
<testsuites name="jest tests" tests="219" failures="2" errors="0" time="98.2">
  <testsuite name="Login Page" errors="0" failures="0" skipped="0" timestamp="2022-10-28T21:54:30" time="14" tests="7">
    <testcase classname="Login Page displays the login form" name="Login Page displays the login form" time="0.863">
    </testcase>
    <testcase classname="Login Page submits the credentials when they are valid and the &quot;Connect&quot; is clicked" name="Login Page submits the credentials when they are valid and the &quot;Connect&quot; is clicked" time="1.38">
    </testcase>
    <testcase classname="Login Page does not submit the credentials when they are invalid and the &quot;Connect&quot; button is clicked" name="Login Page does not submit the credentials when they are invalid and the &quot;Connect&quot; button is clicked" time="1.342">
    </testcase>
    <testcase classname="Login Page displays errors when fields are cleared" name="Login Page displays errors when fields are cleared" time="1.131">
    </testcase>
    <testcase classname="Login Page displays the password when the corresponding action is clicked" name="Login Page displays the password when the corresponding action is clicked" time="0.647">
    </testcase>
    <testcase classname="Login Page redirects to the reset page when the submitted password is expired" name="Login Page redirects to the reset page when the submitted password is expired" time="0.718">
    </testcase>
    <testcase classname="Login Page stays on the login page when the login request returns a 500 error" name="Login Page stays on the login page when the login request returns a 500 error" time="0.768">
    </testcase>
  </testsuite>
  <testsuite name="SaveFilterMenu" errors="0" failures="0" skipped="0" timestamp="2022-10-28T21:54:45" time="5.738" tests="3">
    <testcase classname="SaveFilterMenu disables save menus when the current filter has no changes" name="SaveFilterMenu disables save menus when the current filter has no changes" time="0.531">
    </testcase>
    <testcase classname="SaveFilterMenu sends a createFilter request when the &quot;Save as new&quot; command is clicked" name="SaveFilterMenu sends a createFilter request when the &quot;Save as new&quot; command is clicked" time="0.797">
    </testcase>
    <testcase classname="SaveFilterMenu sends an updateFilter request when the &quot;Save&quot; command is clicked" name="SaveFilterMenu sends an updateFilter request when the &quot;Save&quot; command is clicked" time="0.279">
    </testcase>
  </testsuite>
  <testsuite name="Reset password Page" errors="0" failures="0" skipped="0" timestamp="2022-10-28T21:54:50" time="10.583" tests="4">
    <testcase classname="Reset password Page displays the reset password form" name="Reset password Page displays the reset password form" time="0.593">
    </testcase>
    <testcase classname="Reset password Page displays errors when the form is not correctly filled" name="Reset password Page displays errors when the form is not correctly filled" time="4.22">
    </testcase>
    <testcase classname="Reset password Page redirects the user back to the login page when the page does not have required informations" name="Reset password Page redirects the user back to the login page when the page does not have required informations" time="0.028">
    </testcase>
    <testcase classname="Reset password Page redirects to the default page when the new password is successfully renewed" name="Reset password Page redirects to the default page when the new password is successfully renewed" time="2.827">
    </testcase>
  </testsuite>
  <testsuite name="Authentication" errors="0" failures="0" skipped="0" timestamp="2022-10-28T21:54:30" time="33.378" tests="18">
    <testcase classname="Authentication updates the retrieved form recommended values and send the data when the &quot;Save&quot; button is clicked" name="Authentication updates the retrieved form recommended values and send the data when the &quot;Save&quot; button is clicked" time="2.544">
    </testcase>
    <testcase classname="Authentication updates the retrieved form recommended values and reset the form to the inital values" name="Authentication updates the retrieved form recommended values and reset the form to the inital values" time="1.828">
    </testcase>
    <testcase classname="Authentication updates the retrieved form values and send the data when the &quot;Save&quot; button is clicked" name="Authentication updates the retrieved form values and send the data when the &quot;Save&quot; button is clicked" time="0.987">
    </testcase>
    <testcase classname="Password case policy renders the password case policy fields with values" name="Password case policy renders the password case policy fields with values" time="0.466">
    </testcase>
    <testcase classname="Password case policy changes the password minimum length value when &quot;45&quot; is typed in the input" name="Password case policy changes the password minimum length value when &quot;45&quot; is typed in the input" time="0.776">
    </testcase>
    <testcase classname="Password case policy displays the efficiency level according to the selected cases when cases button are clicked" name="Password case policy displays the efficiency level according to the selected cases when cases button are clicked" time="2.12">
    </testcase>
    <testcase classname="Password expiration policy renders the password expiration policy fields with values" name="Password expiration policy renders the password expiration policy fields with values" time="0.584">
    </testcase>
    <testcase classname="Password expiration policy does not display any error message when the password expiration time is cleared" name="Password expiration policy does not display any error message when the password expiration time is cleared" time="1.063">
    </testcase>
    <testcase classname="Password expiration policy displays an error message when the delay before new password time is outside the bounds" name="Password expiration policy displays an error message when the delay before new password time is outside the bounds" time="1.617">
    </testcase>
    <testcase classname="Password expiration policy does not display any error message when the delay before new password time is cleared" name="Password expiration policy does not display any error message when the delay before new password time is cleared" time="1.08">
    </testcase>
    <testcase classname="Password expiration policy selects the &quot;Can reuse passwords&quot; field when clicking on the corresponding switch" name="Password expiration policy selects the &quot;Can reuse passwords&quot; field when clicking on the corresponding switch" time="1.198">
    </testcase>
    <testcase classname="Password expiration policy updates the excluded users field when an user is selected from the retrieved options" name="Password expiration policy updates the excluded users field when an user is selected from the retrieved options" time="3.667">
    </testcase>
    <testcase classname="Password Blocking Policy renders the password blocking policy fields with values" name="Password Blocking Policy renders the password blocking policy fields with values" time="0.536">
    </testcase>
    <testcase classname="Password Blocking Policy displays an error message when the number of attempts is outside the bounds" name="Password Blocking Policy displays an error message when the number of attempts is outside the bounds" time="1.674">
    </testcase>
    <testcase classname="Password Blocking Policy displays an error message in the &quot;Time blocking duration&quot; field when the number of attempts is cleared" name="Password Blocking Policy displays an error message in the &quot;Time blocking duration&quot; field when the number of attempts is cleared" time="0.771">
    </testcase>
    <testcase classname="Password Blocking Policy displays an error message when the time blocking duration is 7 days and 1 hour" name="Password Blocking Policy displays an error message when the time blocking duration is 7 days and 1 hour" time="0.504">
    </testcase>
    <testcase classname="Password Blocking Policy displays the efficiency level when the number of attempts changes" name="Password Blocking Policy displays the efficiency level when the number of attempts changes" time="1.188">
    </testcase>
    <testcase classname="Password Blocking Policy displays the efficiency level when the time blocking duration changes" name="Password Blocking Policy displays the efficiency level when the time blocking duration changes" time="3.438">
    </testcase>
  </testsuite>
  <testsuite name="AddCommentForm" errors="0" failures="0" skipped="0" timestamp="2022-10-28T21:55:01" time="4.9" tests="1">
    <testcase classname="AddCommentForm sends a comment request with the given date and the typed comment" name="AddCommentForm sends a comment request with the given date and the typed comment" time="0.843">
    </testcase>
  </testsuite>
  <testsuite name="Actions" errors="0" failures="0" skipped="0" timestamp="2022-10-28T21:54:30" time="36.777" tests="24">
    <testcase classname="Actions executes a listing request when the refresh button is clicked" name="Actions executes a listing request when the refresh button is clicked" time="1">
    </testcase>
    <testcase classname="Actions swaps autorefresh icon when the icon is clicked" name="Actions swaps autorefresh icon when the icon is clicked" time="0.369">
    </testcase>
    <testcase classname="Actions cannot send a &quot;Acknowledge&quot; request when the corresponding action is fired and the comment field is left empty" name="Actions cannot send a &quot;Acknowledge&quot; request when the corresponding action is fired and the comment field is left empty" time="1.412">
    </testcase>
    <testcase classname="Actions cannot send a &quot;Set downtime&quot; request when the corresponding action is fired and the comment field is left empty" name="Actions cannot send a &quot;Set downtime&quot; request when the corresponding action is fired and the comment field is left empty" time="1.521">
    </testcase>
    <testcase classname="Actions sends an acknowledgement request when Resources are selected and the Ackowledgement action is clicked and confirmed" name="Actions sends an acknowledgement request when Resources are selected and the Ackowledgement action is clicked and confirmed" time="0.621">
    </testcase>
    <testcase classname="Actions sends a discknowledgement request when Resources are selected and the Disackowledgement action is clicked and confirmed" name="Actions sends a discknowledgement request when Resources are selected and the Disackowledgement action is clicked and confirmed" time="0.656">
    </testcase>
    <testcase classname="Actions does not display the &quot;Acknowledge services attached to host&quot; checkbox when only services are selected and the Acknowledge action is clicked" name="Actions does not display the &quot;Acknowledge services attached to host&quot; checkbox when only services are selected and the Acknowledge action is clicked" time="0.391">
    </testcase>
    <testcase classname="Actions does not display the &quot;Discknowledge services attached to host&quot; checkbox when only services are selected and the Disacknowledge action is clicked" name="Actions does not display the &quot;Discknowledge services attached to host&quot; checkbox when only services are selected and the Disacknowledge action is clicked" time="0.654">
    </testcase>
    <testcase classname="Actions cannot send a downtime request when Downtime action is clicked, type is flexible and duration is empty" name="Actions cannot send a downtime request when Downtime action is clicked, type is flexible and duration is empty" time="1.16">
    </testcase>
    <testcase classname="Actions cannot send a downtime request when Downtime action is clicked and start date is greater than end date" name="Actions cannot send a downtime request when Downtime action is clicked and start date is greater than end date" time="3.381">
    </testcase>
    <testcase classname="Actions cannot send a downtime request when the Downtime action is clicked and the input dates have an invalid format" name="Actions cannot send a downtime request when the Downtime action is clicked and the input dates have an invalid format" time="2.895">
    </testcase>
    <testcase classname="Actions sends a downtime request when Resources are selected and the Downtime action is clicked and confirmed" name="Actions sends a downtime request when Resources are selected and the Downtime action is clicked and confirmed" time="0.944">
    </testcase>
    <testcase classname="Actions sends a check request when Resources are selected and the Check action is clicked" name="Actions sends a check request when Resources are selected and the Check action is clicked" time="0.496">
    </testcase>
    <testcase classname="Actions sends a submit status request when a Resource is selected and the Submit status action is clicked" name="Actions sends a submit status request when a Resource is selected and the Submit status action is clicked" time="2.221">
    </testcase>
    <testcase classname="Actions cannot execute an action when associated ACL are not sufficient" name="Actions cannot execute an action when associated ACL are not sufficient" time="0.737">
    </testcase>
    <testcase classname="Actions displays a warning message when trying to &quot;Set downtime&quot; with limited ACL" name="Actions displays a warning message when trying to &quot;Set downtime&quot; with limited ACL" time="1.637">
    </testcase>
    <testcase classname="Actions displays a warning message when trying to &quot;Acknowledge&quot; with limited ACL" name="Actions displays a warning message when trying to &quot;Acknowledge&quot; with limited ACL" time="1.203">
    </testcase>
    <testcase classname="Actions displays a warning message when trying to &quot;Disacknowledge&quot; with limited ACL" name="Actions displays a warning message when trying to &quot;Disacknowledge&quot; with limited ACL" time="0.577">
    </testcase>
    <testcase classname="Actions disables services propagation option when trying to &quot;Set downtime&quot; on hosts when ACL on services are not sufficient" name="Actions disables services propagation option when trying to &quot;Set downtime&quot; on hosts when ACL on services are not sufficient" time="1.207">
    </testcase>
    <testcase classname="Actions disables services propagation option when trying to &quot;Acknowledge&quot; on hosts when ACL on services are not sufficient" name="Actions disables services propagation option when trying to &quot;Acknowledge&quot; on hosts when ACL on services are not sufficient" time="1.533">
    </testcase>
    <testcase classname="Actions disables services propagation option when trying to &quot;Disacknowledge&quot; on hosts when ACL on services are not sufficient" name="Actions disables services propagation option when trying to &quot;Disacknowledge&quot; on hosts when ACL on services are not sufficient" time="0.639">
    </testcase>
    <testcase classname="Actions disables the submit status action when one of the following condition is met: ACL are not sufficient, more than one resource is selected, selected resource is not passive" name="Actions disables the submit status action when one of the following condition is met: ACL are not sufficient, more than one resource is selected, selected resource is not passive" time="2.373">
    </testcase>
    <testcase classname="Actions disables the comment action when the ACL are not sufficient or more than one resource is selected" name="Actions disables the comment action when the ACL are not sufficient or more than one resource is selected" time="1.289">
    </testcase>
    <testcase classname="Actions disables the acknowledge action when selected resources have an OK or UP status" name="Actions disables the acknowledge action when selected resources have an OK or UP status" time="0.237">
    </testcase>
  </testsuite>
  <testsuite name="Details" errors="0" failures="0" skipped="0" timestamp="2022-10-28T21:54:30" time="38.319" tests="25">
    <testcase classname="Details displays resource details information" name="Details displays resource details information" time="5.427">
    </testcase>
    <testcase classname="Details queries performance graphs and timelines with &quot;1 day&quot; period when the Graph tab is selected and &quot;Display events&quot; option is activated" name="Details queries performance graphs and timelines with &quot;1 day&quot; period when the Graph tab is selected and &quot;Display events&quot; option is activated" time="1.931">
    </testcase>
    <testcase classname="Details queries performance graphs and timelines with &quot;7 days&quot; period when the Graph tab is selected and &quot;Display events&quot; option is activated" name="Details queries performance graphs and timelines with &quot;7 days&quot; period when the Graph tab is selected and &quot;Display events&quot; option is activated" time="0.777">
    </testcase>
    <testcase classname="Details queries performance graphs and timelines with &quot;31 days&quot; period when the Graph tab is selected and &quot;Display events&quot; option is activated" name="Details queries performance graphs and timelines with &quot;31 days&quot; period when the Graph tab is selected and &quot;Display events&quot; option is activated" time="0.736">
    </testcase>
    <testcase classname="Details displays event annotations when the corresponding switch is triggered and the Graph tab is clicked" name="Details displays event annotations when the corresponding switch is triggered and the Graph tab is clicked" time="1.183">
    </testcase>
    <testcase classname="Details copies the command line to clipboard when the copy button is clicked" name="Details copies the command line to clipboard when the copy button is clicked" time="0.612">
    </testcase>
    <testcase classname="Details displays retrieved timeline events and filtered by selected event types, when the Timeline tab is selected" name="Details displays retrieved timeline events and filtered by selected event types, when the Timeline tab is selected" time="1.767">
    </testcase>
    <testcase classname="Details navigates to logs and report pages when the corresponding icons are clicked" name="Details navigates to logs and report pages when the corresponding icons are clicked" time="1.078">
    </testcase>
    <testcase classname="Details sets the details according to the details URL query parameter when given" name="Details sets the details according to the details URL query parameter when given" time="1.242">
    </testcase>
    <testcase classname="Details copies the current URL when the copy resource link button is clicked" name="Details copies the current URL when the copy resource link button is clicked" time="0.673">
    </testcase>
    <testcase classname="Details displays the linked services when the services tab of a host is clicked" name="Details displays the linked services when the services tab of a host is clicked" time="0.766">
    </testcase>
    <testcase classname="Details displays the linked service graphs when the Graph tab of a host is clicked" name="Details displays the linked service graphs when the Graph tab of a host is clicked" time="1.249">
    </testcase>
    <testcase classname="Details queries performance graphs with a custom timeperiod when the Graph tab is selected and a custom time period is selected" name="Details queries performance graphs with a custom timeperiod when the Graph tab is selected and a custom time period is selected" time="0.551">
    </testcase>
    <testcase classname="Details displays the correct date time on pickers when the Graph tab is selected and a time period is selected" name="Details displays the correct date time on pickers when the Graph tab is selected and a time period is selected" time="0.658">
    </testcase>
    <testcase classname="Details displays an error message when Graph tab is selected and the start date of the time period is the same as the end date" name="Details displays an error message when Graph tab is selected and the start date of the time period is the same as the end date" time="1.37">
    </testcase>
    <testcase classname="Details queries performance graphs with a custom timeperiod when the Graph tab is selected and the &quot;&quot;Forward&quot;&quot; icon is clicked" name="Details queries performance graphs with a custom timeperiod when the Graph tab is selected and the &quot;&quot;Forward&quot;&quot; icon is clicked" time="1.136">
    </testcase>
    <testcase classname="Details queries performance graphs with a custom timeperiod when the Graph tab is selected and the &quot;&quot;Backward&quot;&quot; icon is clicked" name="Details queries performance graphs with a custom timeperiod when the Graph tab is selected and the &quot;&quot;Backward&quot;&quot; icon is clicked" time="1.077">
    </testcase>
    <testcase classname="Details displays retrieved metrics when the selected Resource is a meta service and the metrics tab is selected" name="Details displays retrieved metrics when the selected Resource is a meta service and the metrics tab is selected" time="0.342">
    </testcase>
    <testcase classname="Details displays Min, Max and Average values in the legend when the Graph tab is selected" name="Details displays Min, Max and Average values in the legend when the Graph tab is selected" time="0.745">
    </testcase>
    <testcase classname="Details filters on a group when the corresponding chip is clicked and the Details tab is selected" name="Details filters on a group when the corresponding chip is clicked and the Details tab is selected" time="1.873">
    </testcase>
    <testcase classname="Details displays the resource configuration link" name="Details displays the resource configuration link" time="1.241">
    </testcase>
    <testcase classname="Details populates details tiles with values from localStorage if available" name="Details populates details tiles with values from localStorage if available" time="0.85">
    </testcase>
    <testcase classname="Details queries the performance graphs with the time period selected in the &quot;Timeline&quot; tab when the &quot;Graph&quot; tab is selected and the &quot;Timeline&quot; tab was selected" name="Details queries the performance graphs with the time period selected in the &quot;Timeline&quot; tab when the &quot;Graph&quot; tab is selected and the &quot;Timeline&quot; tab was selected" time="1.41">
    </testcase>
    <testcase classname="Details displays contacts and contact groups when the notification tab is clicked" name="Details displays contacts and contact groups when the notification tab is clicked" time="0.899">
    </testcase>
    <testcase classname="Details calls the download timeline endpoint when the Timeline tab is selected and the &quot;Export to CSV button&quot; is clicked" name="Details calls the download timeline endpoint when the Timeline tab is selected and the &quot;Export to CSV button&quot; is clicked" time="0.87">
    </testcase>
  </testsuite>
  <testsuite name="useLoadResources" errors="0" failures="0" skipped="0" timestamp="2022-10-28T21:55:05" time="6.415" tests="10">
    <testcase classname="useLoadResources resets the page to 1 when &quot;sort&quot; is changed and current filter is applied" name="useLoadResources resets the page to 1 when &quot;sort&quot; is changed and current filter is applied" time="0.273">
    </testcase>
    <testcase classname="useLoadResources resets the page to 1 when &quot;limit&quot; is changed and current filter is applied" name="useLoadResources resets the page to 1 when &quot;limit&quot; is changed and current filter is applied" time="0.103">
    </testcase>
    <testcase classname="useLoadResources resets the page to 1 when &quot;search&quot; is changed and current filter is applied" name="useLoadResources resets the page to 1 when &quot;search&quot; is changed and current filter is applied" time="0.117">
    </testcase>
    <testcase classname="useLoadResources resets the page to 1 when &quot;states&quot; is changed and current filter is applied" name="useLoadResources resets the page to 1 when &quot;states&quot; is changed and current filter is applied" time="0.096">
    </testcase>
    <testcase classname="useLoadResources resets the page to 1 when &quot;statuses&quot; is changed and current filter is applied" name="useLoadResources resets the page to 1 when &quot;statuses&quot; is changed and current filter is applied" time="0.114">
    </testcase>
    <testcase classname="useLoadResources resets the page to 1 when &quot;resourceTypes&quot; is changed and current filter is applied" name="useLoadResources resets the page to 1 when &quot;resourceTypes&quot; is changed and current filter is applied" time="0.058">
    </testcase>
    <testcase classname="useLoadResources resets the page to 1 when &quot;hostGroups&quot; is changed and current filter is applied" name="useLoadResources resets the page to 1 when &quot;hostGroups&quot; is changed and current filter is applied" time="0.1">
    </testcase>
    <testcase classname="useLoadResources resets the page to 1 when &quot;serviceGroups&quot; is changed and current filter is applied" name="useLoadResources resets the page to 1 when &quot;serviceGroups&quot; is changed and current filter is applied" time="0.063">
    </testcase>
    <testcase classname="useLoadResources resets the page to 1 when &quot;hostCategories&quot; is changed and current filter is applied" name="useLoadResources resets the page to 1 when &quot;hostCategories&quot; is changed and current filter is applied" time="0.109">
    </testcase>
    <testcase classname="useLoadResources resets the page to 1 when &quot;serviceCategories&quot; is changed and current filter is applied" name="useLoadResources resets the page to 1 when &quot;serviceCategories&quot; is changed and current filter is applied" time="0.109">
    </testcase>
  </testsuite>
  <testsuite name="Time input" errors="0" failures="0" skipped="0" timestamp="2022-10-28T21:55:06" time="5.345" tests="5">
    <testcase classname="Time input updates the time value to 2040000 milliseconds value when &quot;34&quot; is typed in the input" name="Time input updates the time value to 2040000 milliseconds value when &quot;34&quot; is typed in the input" time="1.998">
    </testcase>
    <testcase classname="Time input does not display options below the configured min value except 0" name="Time input does not display options below the configured min value except 0" time="0.563">
    </testcase>
    <testcase classname="Time input displays the label text in singular when the input value is 0" name="Time input displays the label text in singular when the input value is 0" time="0.094">
    </testcase>
    <testcase classname="Time input displays the label text in singular when the input value is 1" name="Time input displays the label text in singular when the input value is 1" time="0.076">
    </testcase>
    <testcase classname="Time input displays the label text in plural when the input value is 2" name="Time input displays the label text in plural when the input value is 2" time="0.068">
    </testcase>
  </testsuite>
  <testsuite name="external components" errors="0" failures="0" skipped="0" timestamp="2022-10-28T21:55:12" time="2.498" tests="1">
    <testcase classname="external components populates the federated components atom with the data retrieved from the API" name="external components populates the federated components atom with the data retrieved from the API" time="0.103">
    </testcase>
  </testsuite>
  <testsuite name="Main" errors="0" failures="0" skipped="0" timestamp="2022-10-28T21:55:08" time="6.987" tests="7">
    <testcase classname="Main displays the login page when the path is &quot;/login&quot; and the user is not connected" name="Main displays the login page when the path is &quot;/login&quot; and the user is not connected" time="1.08">
    </testcase>
    <testcase classname="Main redirects the user to the install page when the retrieved web versions does not contain an installed version" name="Main redirects the user to the install page when the retrieved web versions does not contain an installed version" time="0.091">
    </testcase>
    <testcase classname="Main redirects the user to the upgrade page when the retrieved web versions contains an available version and the user is disconnected" name="Main redirects the user to the upgrade page when the retrieved web versions contains an available version and the user is disconnected" time="0.084">
    </testcase>
    <testcase classname="Main does not redirect the user to the upgrade page when the retrieved web versions contains an available version and the user is connected" name="Main does not redirect the user to the upgrade page when the retrieved web versions contains an available version and the user is connected" time="0.401">
    </testcase>
    <testcase classname="Main gets the translations, navigation data and the parameters related to the account when the user is already connected" name="Main gets the translations, navigation data and the parameters related to the account when the user is already connected" time="0.109">
    </testcase>
    <testcase classname="Main redirects the user to his default page when the current location is the login page and the user is connected" name="Main redirects the user to his default page when the current location is the login page and the user is connected" time="0.125">
    </testcase>
    <testcase classname="Main displays a message when the authentication from an external provider fails " name="Main displays a message when the authentication from an external provider fails " time="0.151">
    </testcase>
  </testsuite>
  <testsuite name="EditFiltersPanel" errors="0" failures="0" skipped="0" timestamp="2022-10-28T21:55:12" time="4.767" tests="2">
    <testcase classname="EditFiltersPanel renames the filter and sends an update request the corresponding input is changed and the enter key is pressed" name="EditFiltersPanel renames the filter and sends an update request the corresponding input is changed and the enter key is pressed" time="1.295">
    </testcase>
    <testcase classname="EditFiltersPanel deletes a filter and sends a delete request when the corresponding delete button is clicked" name="EditFiltersPanel deletes a filter and sends a delete request when the corresponding delete button is clicked" time="0.64">
    </testcase>
  </testsuite>
  <testsuite name="parse" errors="0" failures="0" skipped="0" timestamp="2022-10-28T21:55:14" time="2.624" tests="14">
    <testcase classname="parse parses the given search string into a Search model" name="parse parses the given search string into a Search model" time="0.005">
    </testcase>
    <testcase classname="build builds a search string from the given Search model" name="build builds a search string from the given Search model" time="0.023">
    </testcase>
    <testcase classname="getAutocompleteSuggestions returns &quot;[&quot;state:&quot;, &quot;status:&quot;, &quot;status_type:&quot;]&quot; when &quot;sta&quot; is input at the 3 cursor position" name="getAutocompleteSuggestions returns &quot;[&quot;state:&quot;, &quot;status:&quot;, &quot;status_type:&quot;]&quot; when &quot;sta&quot; is input at the 3 cursor position" time="0.005">
    </testcase>
    <testcase classname="getAutocompleteSuggestions returns &quot;[&quot;unhandled&quot;, &quot;acknowledged&quot;, &quot;in_downtime&quot;]&quot; when &quot;state:&quot; is input at the 6 cursor position" name="getAutocompleteSuggestions returns &quot;[&quot;unhandled&quot;, &quot;acknowledged&quot;, &quot;in_downtime&quot;]&quot; when &quot;state:&quot; is input at the 6 cursor position" time="0.001">
    </testcase>
    <testcase classname="getAutocompleteSuggestions returns &quot;[&quot;host&quot;, &quot;service&quot;, &quot;metaservice&quot;]&quot; when &quot;type:&quot; is input at the 5 cursor position" name="getAutocompleteSuggestions returns &quot;[&quot;host&quot;, &quot;service&quot;, &quot;metaservice&quot;]&quot; when &quot;type:&quot; is input at the 5 cursor position" time="0.002">
    </testcase>
    <testcase classname="getAutocompleteSuggestions returns &quot;[&quot;,acknowledged&quot;, &quot;,in_downtime&quot;]&quot; when &quot;state:unhandled&quot; is input at the 15 cursor position" name="getAutocompleteSuggestions returns &quot;[&quot;,acknowledged&quot;, &quot;,in_downtime&quot;]&quot; when &quot;state:unhandled&quot; is input at the 15 cursor position" time="0">
    </testcase>
    <testcase classname="getAutocompleteSuggestions returns &quot;[&quot;acknowledged&quot;, &quot;in_downtime&quot;]&quot; when &quot;state:unhandled,&quot; is input at the 16 cursor position" name="getAutocompleteSuggestions returns &quot;[&quot;acknowledged&quot;, &quot;in_downtime&quot;]&quot; when &quot;state:unhandled,&quot; is input at the 16 cursor position" time="0">
    </testcase>
    <testcase classname="getAutocompleteSuggestions returns &quot;[&quot;status:&quot;, &quot;status_type:&quot;]&quot; when &quot;state:unhandled statu&quot; is input at the 22 cursor position" name="getAutocompleteSuggestions returns &quot;[&quot;status:&quot;, &quot;status_type:&quot;]&quot; when &quot;state:unhandled statu&quot; is input at the 22 cursor position" time="0.001">
    </testcase>
    <testcase classname="getAutocompleteSuggestions returns &quot;[&quot;ok&quot;, &quot;up&quot;, &quot;warning&quot;, &quot;down&quot;, &quot;critical&quot;, &quot;unreachable&quot;, &quot;unknown&quot;, &quot;pending&quot;]&quot; when &quot;state:unhandled status:&quot; is input at the 23 cursor position" name="getAutocompleteSuggestions returns &quot;[&quot;ok&quot;, &quot;up&quot;, &quot;warning&quot;, &quot;down&quot;, &quot;critical&quot;, &quot;unreachable&quot;, &quot;unknown&quot;, &quot;pending&quot;]&quot; when &quot;state:unhandled status:&quot; is input at the 23 cursor position" time="0.001">
    </testcase>
    <testcase classname="getAutocompleteSuggestions returns &quot;[]&quot; when &quot;service_group:&quot; is input at the 14 cursor position" name="getAutocompleteSuggestions returns &quot;[]&quot; when &quot;service_group:&quot; is input at the 14 cursor position" time="0">
    </testcase>
    <testcase classname="getAutocompleteSuggestions returns &quot;[]&quot; when &quot;host_group:&quot; is input at the 11 cursor position" name="getAutocompleteSuggestions returns &quot;[]&quot; when &quot;host_group:&quot; is input at the 11 cursor position" time="0">
    </testcase>
    <testcase classname="getAutocompleteSuggestions returns &quot;[]&quot; when &quot;monitoring_server:&quot; is input at the 20 cursor position" name="getAutocompleteSuggestions returns &quot;[]&quot; when &quot;monitoring_server:&quot; is input at the 20 cursor position" time="0.002">
    </testcase>
    <testcase classname="getAutocompleteSuggestions returns &quot;[]&quot; when &quot;service_categorie:&quot; is input at the 18 cursor position" name="getAutocompleteSuggestions returns &quot;[]&quot; when &quot;service_categorie:&quot; is input at the 18 cursor position" time="0.005">
    </testcase>
    <testcase classname="getAutocompleteSuggestions returns &quot;[]&quot; when &quot;host_categorie:&quot; is input at the 15 cursor position" name="getAutocompleteSuggestions returns &quot;[]&quot; when &quot;host_categorie:&quot; is input at the 15 cursor position" time="0">
    </testcase>
  </testsuite>
  <testsuite name="User Menu" errors="0" failures="0" skipped="0" timestamp="2022-10-28T21:55:10" time="8.185" tests="3">
    <testcase classname="User Menu renders the user menu" name="User Menu renders the user menu" time="1.117">
    </testcase>
    <testcase classname="User Menu copies the autologin key when the corresponding button is clicked" name="User Menu copies the autologin key when the corresponding button is clicked" time="0.897">
    </testcase>
    <testcase classname="User Menu logs out the user when the &quot;Logout&quot; button is clicked" name="User Menu logs out the user when the &quot;Logout&quot; button is clicked" time="1.428">
    </testcase>
  </testsuite>
  <testsuite name="React Router" errors="0" failures="0" skipped="0" timestamp="2022-10-28T21:55:15" time="3.82" tests="3">
    <testcase classname="React Router displays the page when the page exists and the user is allowed" name="React Router displays the page when the page exists and the user is allowed" time="0.149">
    </testcase>
    <testcase classname="React Router displays the fallback page with an error message when the page is not found" name="React Router displays the fallback page with an error message when the page is not found" time="0.593">
    </testcase>
    <testcase classname="React Router displays the fallback page with an error message when the user is not allowed" name="React Router displays the fallback page with an error message when the user is not allowed" time="0.51">
    </testcase>
  </testsuite>
  <testsuite name="timeSeries" errors="0" failures="0" skipped="0" timestamp="2022-10-28T21:55:18" time="1.736" tests="15">
    <testcase classname="timeSeries getTimeSeries returns the time series for the given graph data" name="timeSeries getTimeSeries returns the time series for the given graph data" time="0.001">
    </testcase>
    <testcase classname="timeSeries getTimeSeries filters metric values below the given lower-limit value" name="timeSeries getTimeSeries filters metric values below the given lower-limit value" time="0.001">
    </testcase>
    <testcase classname="timeSeries getLineData returns the line information for the given graph data" name="timeSeries getLineData returns the line information for the given graph data" time="0.001">
    </testcase>
    <testcase classname="timeSeries getMetrics returns the metrics for the given time value" name="timeSeries getMetrics returns the metrics for the given time value" time="0">
    </testcase>
    <testcase classname="timeSeries getMetricValuesForUnit returns the values in the given time series corresponding to the given line unit" name="timeSeries getMetricValuesForUnit returns the values in the given time series corresponding to the given line unit" time="0">
    </testcase>
    <testcase classname="timeSeries getUnits returns the units for the given lines" name="timeSeries getUnits returns the units for the given lines" time="0.001">
    </testcase>
    <testcase classname="timeSeries getDates teruns the dates for the given time series" name="timeSeries getDates teruns the dates for the given time series" time="0">
    </testcase>
    <testcase classname="timeSeries getLineForMetric returns the line corresponding to the given metrics" name="timeSeries getLineForMetric returns the line corresponding to the given metrics" time="0.001">
    </testcase>
    <testcase classname="timeSeries getMetricValuesForLines returns the metric values for the given lines within the given time series" name="timeSeries getMetricValuesForLines returns the metric values for the given lines within the given time series" time="0">
    </testcase>
    <testcase classname="timeSeries getSortedStackedLines returns stacked lines sorted by their own order for the given lines" name="timeSeries getSortedStackedLines returns stacked lines sorted by their own order for the given lines" time="0">
    </testcase>
    <testcase classname="timeSeries getStackedMetricValues returns stacked metrics values for the given lines and the given time series" name="timeSeries getStackedMetricValues returns stacked metrics values for the given lines and the given time series" time="0.001">
    </testcase>
    <testcase classname="timeSeries getTimeSeriesForLines returns the specific time series for the given lines and the fiven time series" name="timeSeries getTimeSeriesForLines returns the specific time series for the given lines and the fiven time series" time="0.023">
    </testcase>
    <testcase classname="timeSeries getInvertedStackedLines returns inverted and stacked lines for the given lines" name="timeSeries getInvertedStackedLines returns inverted and stacked lines for the given lines" time="0.001">
    </testcase>
    <testcase classname="timeSeries getNotInvertedStackedLines returns not inverted and stacked lines for the given lines" name="timeSeries getNotInvertedStackedLines returns not inverted and stacked lines for the given lines" time="0.002">
    </testcase>
    <testcase classname="timeSeries hasUnitStackedLines returns true if the given unit contains stacked lines following the given lines, false otherwise" name="timeSeries hasUnitStackedLines returns true if the given unit contains stacked lines following the given lines, false otherwise" time="0">
    </testcase>
  </testsuite>
  <testsuite name="ExportConfiguration" errors="0" failures="0" skipped="0" timestamp="2022-10-28T21:55:17" time="3.195" tests="1">
    <testcase classname="ExportConfiguration exports and reloads the configuration when the &quot;Export the configuration&quot; button is clicked" name="ExportConfiguration exports and reloads the configuration when the &quot;Export the configuration&quot; button is clicked" time="0.617">
    </testcase>
  </testsuite>
  <testsuite name="I18nextWithTranslation" errors="0" failures="0" skipped="0" timestamp="2022-10-28T21:55:17" time="3.198" tests="1">
    <testcase classname="I18nextWithTranslation redirects to the Resource status page with the resource type filter set to host and the corresponding status when a status chip is clicked" name="I18nextWithTranslation redirects to the Resource status page with the resource type filter set to host and the corresponding status when a status chip is clicked" time="0.715">
    </testcase>
  </testsuite>
  <testsuite name="formatMetricValue" errors="0" failures="0" skipped="0" timestamp="2022-10-28T21:55:20" time="0.87" tests="6">
    <testcase classname="formatMetricValue formats the given value to a human readable form according to the given unit and base" name="formatMetricValue formats the given value to a human readable form according to the given unit and base" time="0.001">
    </testcase>
    <testcase classname="formatMetricValue formats the given value to a human readable form according to the given unit and base" name="formatMetricValue formats the given value to a human readable form according to the given unit and base" time="0.001">
    </testcase>
    <testcase classname="formatMetricValue formats the given value to a human readable form according to the given unit and base" name="formatMetricValue formats the given value to a human readable form according to the given unit and base" time="0.001">
    </testcase>
    <testcase classname="formatMetricValue formats the given value to a human readable form according to the given unit and base" name="formatMetricValue formats the given value to a human readable form according to the given unit and base" time="0">
    </testcase>
    <testcase classname="formatMetricValue formats the given value to a human readable form according to the given unit and base" name="formatMetricValue formats the given value to a human readable form according to the given unit and base" time="0.001">
    </testcase>
    <testcase classname="formatMetricValue formats the given value to a human readable form according to the given unit and base" name="formatMetricValue formats the given value to a human readable form according to the given unit and base" time="0.001">
    </testcase>
  </testsuite>
  <testsuite name="breadcrumbSelector" errors="0" failures="0" skipped="0" timestamp="2022-10-28T21:55:21" time="1.133" tests="2">
    <testcase classname="breadcrumbSelector returns formatted breadcrumbs" name="breadcrumbSelector returns formatted breadcrumbs" time="0.002">
    </testcase>
    <testcase classname="breadcrumbSelector returns first url found in parent level" name="breadcrumbSelector returns first url found in parent level" time="0.002">
    </testcase>
  </testsuite>
  <testsuite name="getCommandsWithArguments" errors="0" failures="0" skipped="0" timestamp="2022-10-28T21:55:20" time="1.489" tests="1">
    <testcase classname="getCommandsWithArguments parses the command and the associated arguments" name="getCommandsWithArguments parses the command and the associated arguments" time="0.002">
    </testcase>
  </testsuite>
  <testsuite name="navigation" errors="0" failures="0" skipped="0" timestamp="2022-10-28T21:55:19" time="2.932" tests="3">
    <testcase classname="navigation gets the allowed pages with the navigation data retrieved from the API" name="navigation gets the allowed pages with the navigation data retrieved from the API" time="0.118">
    </testcase>
    <testcase classname="navigation gets the menu with the navigation data retrieved from the API" name="navigation gets the menu with the navigation data retrieved from the API" time="0.074">
    </testcase>
    <testcase classname="navigation gets the react routes with the navigation data retrieved from the API" name="navigation gets the react routes with the navigation data retrieved from the API" time="0.009">
    </testcase>
  </testsuite>
  <testsuite name="I18nextWithTranslation" errors="0" failures="0" skipped="0" timestamp="2022-10-28T21:55:20" time="4.003" tests="1">
    <testcase classname="I18nextWithTranslation redirects to the Resource status page with the resource type filter set to service and the corresponding status when a status chip is clicked" name="I18nextWithTranslation redirects to the Resource status page with the resource type filter set to service and the corresponding status when a status chip is clicked" time="0.356">
    </testcase>
  </testsuite>
  <testsuite name="ResourceListing" errors="0" failures="0" skipped="0" timestamp="2022-10-28T21:54:30" time="57.502" tests="18">
    <testcase classname="ResourceListing displays first part of information when multiple (split by 
) are available" name="ResourceListing displays first part of information when multiple (split by 
) are available" time="6.369">
    </testcase>
    <testcase classname="ResourceListing column sorting executes a listing request with sort_by param and stores the order parameter in the URL when &quot;severity&quot; column is clicked" name="ResourceListing column sorting executes a listing request with sort_by param and stores the order parameter in the URL when &quot;severity&quot; column is clicked" time="3.294">
    </testcase>
    <testcase classname="ResourceListing column sorting executes a listing request with sort_by param and stores the order parameter in the URL when &quot;status&quot; column is clicked" name="ResourceListing column sorting executes a listing request with sort_by param and stores the order parameter in the URL when &quot;status&quot; column is clicked" time="2.447">
    </testcase>
    <testcase classname="ResourceListing column sorting executes a listing request with sort_by param and stores the order parameter in the URL when &quot;resource&quot; column is clicked" name="ResourceListing column sorting executes a listing request with sort_by param and stores the order parameter in the URL when &quot;resource&quot; column is clicked" time="2.63">
    </testcase>
    <testcase classname="ResourceListing column sorting executes a listing request with sort_by param and stores the order parameter in the URL when &quot;parent_resource&quot; column is clicked" name="ResourceListing column sorting executes a listing request with sort_by param and stores the order parameter in the URL when &quot;parent_resource&quot; column is clicked" time="2.648">
    </testcase>
    <testcase classname="ResourceListing column sorting executes a listing request with sort_by param and stores the order parameter in the URL when &quot;duration&quot; column is clicked" name="ResourceListing column sorting executes a listing request with sort_by param and stores the order parameter in the URL when &quot;duration&quot; column is clicked" time="2.218">
    </testcase>
    <testcase classname="ResourceListing column sorting executes a listing request with sort_by param and stores the order parameter in the URL when &quot;tries&quot; column is clicked" name="ResourceListing column sorting executes a listing request with sort_by param and stores the order parameter in the URL when &quot;tries&quot; column is clicked" time="2.132">
    </testcase>
    <testcase classname="ResourceListing column sorting executes a listing request with sort_by param and stores the order parameter in the URL when &quot;last_check&quot; column is clicked" name="ResourceListing column sorting executes a listing request with sort_by param and stores the order parameter in the URL when &quot;last_check&quot; column is clicked" time="2.279">
    </testcase>
    <testcase classname="ResourceListing executes a listing request with an updated page param when a change page action is clicked" name="ResourceListing executes a listing request with an updated page param when a change page action is clicked" time="5.346">
    </testcase>
    <testcase classname="ResourceListing executes a listing request with a limit param when the rows per page value is changed" name="ResourceListing executes a listing request with a limit param when the rows per page value is changed" time="0.673">
    </testcase>
    <testcase classname="ResourceListing displays downtime details when the downtime state chip is hovered" name="ResourceListing displays downtime details when the downtime state chip is hovered" time="5.555">
    </testcase>
    <testcase classname="ResourceListing displays acknowledgement details when an acknowledged state chip is hovered" name="ResourceListing displays acknowledgement details when an acknowledged state chip is hovered" time="6.287">
    </testcase>
    <testcase classname="ResourceListing displays additional columns when selected from the corresponding menu" name="ResourceListing displays additional columns when selected from the corresponding menu" time="3.157">
    </testcase>
    <testcase classname="ResourceListing displays additional columns when selected from the corresponding menu" name="ResourceListing displays additional columns when selected from the corresponding menu" time="1.057">
    </testcase>
    <testcase classname="ResourceListing displays additional columns when selected from the corresponding menu" name="ResourceListing displays additional columns when selected from the corresponding menu" time="1.227">
    </testcase>
    <testcase classname="ResourceListing displays additional columns when selected from the corresponding menu" name="ResourceListing displays additional columns when selected from the corresponding menu" time="0.895">
    </testcase>
    <testcase classname="ResourceListing displays additional columns when selected from the corresponding menu" name="ResourceListing displays additional columns when selected from the corresponding menu" time="0.771">
    </testcase>
    <testcase classname="ResourceListing displays additional columns when selected from the corresponding menu" name="ResourceListing displays additional columns when selected from the corresponding menu" time="0.763">
    </testcase>
  </testsuite>
  <testsuite name="Web SSOconfiguration form" errors="0" failures="0" skipped="0" timestamp="2022-10-28T21:55:22" time="7.799" tests="4">
    <testcase classname="Web SSOconfiguration form displays the form" name="Web SSOconfiguration form displays the form" time="0.747">
    </testcase>
    <testcase classname="Web SSOconfiguration form displays an error message when fields are not correctly formatted" name="Web SSOconfiguration form displays an error message when fields are not correctly formatted" time="2.745">
    </testcase>
    <testcase classname="Web SSOconfiguration form saves the web SSO configuration when a field is modified and the &quot;Save&quot; button is clicked" name="Web SSOconfiguration form saves the web SSO configuration when a field is modified and the &quot;Save&quot; button is clicked" time="0.718">
    </testcase>
    <testcase classname="Web SSOconfiguration form resets the web SSO configuration when a field is modified and the &quot;Reset&quot; button is clicked" name="Web SSOconfiguration form resets the web SSO configuration when a field is modified and the &quot;Reset&quot; button is clicked" time="0.837">
    </testcase>
  </testsuite>
  <testsuite name="Openid configuration form" errors="0" failures="2" skipped="0" timestamp="2022-10-28T21:54:30" time="73.604" tests="13">
    <testcase classname="Openid configuration form displays the form" name="Openid configuration form displays the form" time="3.849">
    </testcase>
    <testcase classname="Openid configuration form displays an error message when fields are not correctly formatted" name="Openid configuration form displays an error message when fields are not correctly formatted" time="13.477">
      <failure>Error: thrown: &quot;Exceeded timeout of 10000 ms for a test.
Use jest.setTimeout(newTimeout) to increase the timeout value, if this is a long-running test.&quot;
    at it (/Users/tom/Development/centreon-gha/centreon/www/front_src/src/Authentication/Openid/index.test.tsx:287:3)
    at _dispatchDescribe (/Users/tom/Development/centreon-gha/centreon/node_modules/jest-circus/build/index.js:105:26)
    at describe (/Users/tom/Development/centreon-gha/centreon/node_modules/jest-circus/build/index.js:60:5)
    at Object.describe (/Users/tom/Development/centreon-gha/centreon/www/front_src/src/Authentication/Openid/index.test.tsx:175:1)
    at Runtime._execModule (/Users/tom/Development/centreon-gha/centreon/node_modules/jest-runtime/build/index.js:1714:24)
    at Runtime._loadModule (/Users/tom/Development/centreon-gha/centreon/node_modules/jest-runtime/build/index.js:1223:12)
    at Runtime.requireModule (/Users/tom/Development/centreon-gha/centreon/node_modules/jest-runtime/build/index.js:1047:12)
    at jestAdapter (/Users/tom/Development/centreon-gha/centreon/node_modules/jest-circus/build/legacy-code-todo-rewrite/jestAdapter.js:89:13)
    at processTicksAndRejections (node:internal/process/task_queues:96:5)
    at runTestInternal (/Users/tom/Development/centreon-gha/centreon/node_modules/jest-runner/build/runTest.js:411:16)
    at runTest (/Users/tom/Development/centreon-gha/centreon/node_modules/jest-runner/build/runTest.js:499:34)
    at Object.worker (/Users/tom/Development/centreon-gha/centreon/node_modules/jest-runner/build/testWorker.js:133:12)</failure>
    </testcase>
    <testcase classname="Openid configuration form saves the OpenID configuration when a field is modified and the &quot;Save&quot; button is clicked" name="Openid configuration form saves the OpenID configuration when a field is modified and the &quot;Save&quot; button is clicked" time="21.509">
      <failure>Error: thrown: &quot;Exceeded timeout of 10000 ms for a test.
Use jest.setTimeout(newTimeout) to increase the timeout value, if this is a long-running test.&quot;
    at it (/Users/tom/Development/centreon-gha/centreon/www/front_src/src/Authentication/Openid/index.test.tsx:339:3)
    at _dispatchDescribe (/Users/tom/Development/centreon-gha/centreon/node_modules/jest-circus/build/index.js:105:26)
    at describe (/Users/tom/Development/centreon-gha/centreon/node_modules/jest-circus/build/index.js:60:5)
    at Object.describe (/Users/tom/Development/centreon-gha/centreon/www/front_src/src/Authentication/Openid/index.test.tsx:175:1)
    at Runtime._execModule (/Users/tom/Development/centreon-gha/centreon/node_modules/jest-runtime/build/index.js:1714:24)
    at Runtime._loadModule (/Users/tom/Development/centreon-gha/centreon/node_modules/jest-runtime/build/index.js:1223:12)
    at Runtime.requireModule (/Users/tom/Development/centreon-gha/centreon/node_modules/jest-runtime/build/index.js:1047:12)
    at jestAdapter (/Users/tom/Development/centreon-gha/centreon/node_modules/jest-circus/build/legacy-code-todo-rewrite/jestAdapter.js:89:13)
    at processTicksAndRejections (node:internal/process/task_queues:96:5)
    at runTestInternal (/Users/tom/Development/centreon-gha/centreon/node_modules/jest-runner/build/runTest.js:411:16)
    at runTest (/Users/tom/Development/centreon-gha/centreon/node_modules/jest-runner/build/runTest.js:499:34)
    at Object.worker (/Users/tom/Development/centreon-gha/centreon/node_modules/jest-runner/build/testWorker.js:133:12)</failure>
    </testcase>
    <testcase classname="Openid configuration form resets the openid configuration when a field is modified and the &quot;Reset&quot; button is clicked" name="Openid configuration form resets the openid configuration when a field is modified and the &quot;Reset&quot; button is clicked" time="12.157">
    </testcase>
    <testcase classname="Openid configuration form enables the &quot;Save&quot; button when an &quot;Auto import&quot; text field is cleared and the &quot;Enable auto import&quot; switch is unchecked" name="Openid configuration form enables the &quot;Save&quot; button when an &quot;Auto import&quot; text field is cleared and the &quot;Enable auto import&quot; switch is unchecked" time="0.951">
    </testcase>
    <testcase classname="Openid configuration form updates the &quot;contact template&quot; field when an option is selected from the retrieved options" name="Openid configuration form updates the &quot;contact template&quot; field when an option is selected from the retrieved options" time="2.13">
    </testcase>
    <testcase classname="Openid configuration form updates the &quot;access group&quot; field when an option is selected from the retrieved options" name="Openid configuration form updates the &quot;access group&quot; field when an option is selected from the retrieved options" time="2.647">
    </testcase>
    <testcase classname="Openid configuration form updates the &quot;contact group&quot; field when an option is selected from the retrieved options" name="Openid configuration form updates the &quot;contact group&quot; field when an option is selected from the retrieved options" time="2.594">
    </testcase>
    <testcase classname="Openid configuration form disables the save button when the &quot;Groups mapping&quot; custom endpoint field is cleared" name="Openid configuration form disables the save button when the &quot;Groups mapping&quot; custom endpoint field is cleared" time="1.528">
    </testcase>
    <testcase classname="Openid configuration form adds a new contact group relation row when the first relation row is valid" name="Openid configuration form adds a new contact group relation row when the first relation row is valid" time="2.105">
    </testcase>
    <testcase classname="Openid configuration form displays the &quot;custom endpoint&quot; field if the option &quot;Other&quot; in the radio button is selected" name="Openid configuration form displays the &quot;custom endpoint&quot; field if the option &quot;Other&quot; in the radio button is selected" time="1.038">
    </testcase>
    <testcase classname="Openid configuration form displays a new input field if a user types a text in the latest element of the field &quot;condition value&quot; " name="Openid configuration form displays a new input field if a user types a text in the latest element of the field &quot;condition value&quot; " time="1.152">
    </testcase>
    <testcase classname="Openid configuration form displays a new Delete icon if a user types a text in the latest element of the field &quot;condition value&quot; " name="Openid configuration form displays a new Delete icon if a user types a text in the latest element of the field &quot;condition value&quot; " time="1.176">
    </testcase>
  </testsuite>
  <testsuite name="Filter" errors="0" failures="0" skipped="0" timestamp="2022-10-28T21:54:30" time="95.828" tests="27">
    <testcase classname="Filter executes a listing request with &quot;Unhandled problems&quot; filter by default" name="Filter executes a listing request with &quot;Unhandled problems&quot; filter by default" time="0.993">
    </testcase>
    <testcase classname="Filter executes a listing request with an &quot;$and&quot; search param containing &quot;h.name&quot; when %p is typed in the search field" name="Filter executes a listing request with an &quot;$and&quot; search param containing &quot;h.name&quot; when %p is typed in the search field" time="6.366">
    </testcase>
    <testcase classname="Filter executes a listing request with an &quot;$and&quot; search param containing &quot;h.alias&quot; when %p is typed in the search field" name="Filter executes a listing request with an &quot;$and&quot; search param containing &quot;h.alias&quot; when %p is typed in the search field" time="7.219">
    </testcase>
    <testcase classname="Filter executes a listing request with an &quot;$and&quot; search param containing &quot;h.address&quot; when %p is typed in the search field" name="Filter executes a listing request with an &quot;$and&quot; search param containing &quot;h.address&quot; when %p is typed in the search field" time="7.893">
    </testcase>
    <testcase classname="Filter executes a listing request with an &quot;$and&quot; search param containing &quot;s.description&quot; when %p is typed in the search field" name="Filter executes a listing request with an &quot;$and&quot; search param containing &quot;s.description&quot; when %p is typed in the search field" time="14.01">
    </testcase>
    <testcase classname="Filter executes a listing request with an &quot;$and&quot; search param containing &quot;name&quot; when %p is typed in the search field" name="Filter executes a listing request with an &quot;$and&quot; search param containing &quot;name&quot; when %p is typed in the search field" time="6.293">
    </testcase>
    <testcase classname="Filter executes a listing request with an &quot;$and&quot; search param containing &quot;alias&quot; when %p is typed in the search field" name="Filter executes a listing request with an &quot;$and&quot; search param containing &quot;alias&quot; when %p is typed in the search field" time="4.593">
    </testcase>
    <testcase classname="Filter executes a listing request with an &quot;$and&quot; search param containing &quot;parent_name&quot; when %p is typed in the search field" name="Filter executes a listing request with an &quot;$and&quot; search param containing &quot;parent_name&quot; when %p is typed in the search field" time="4.635">
    </testcase>
    <testcase classname="Filter executes a listing request with an &quot;$and&quot; search param containing &quot;parent_alias&quot; when %p is typed in the search field" name="Filter executes a listing request with an &quot;$and&quot; search param containing &quot;parent_alias&quot; when %p is typed in the search field" time="3.617">
    </testcase>
    <testcase classname="Filter executes a listing request with an &quot;$and&quot; search param containing &quot;fqdn&quot; when %p is typed in the search field" name="Filter executes a listing request with an &quot;$and&quot; search param containing &quot;fqdn&quot; when %p is typed in the search field" time="1.463">
    </testcase>
    <testcase classname="Filter executes a listing request with an &quot;$and&quot; search param containing &quot;information&quot; when %p is typed in the search field" name="Filter executes a listing request with an &quot;$and&quot; search param containing &quot;information&quot; when %p is typed in the search field" time="3.297">
    </testcase>
    <testcase classname="Filter executes a listing request with an &quot;$or&quot; search param containing all searchable fields when a string that does not correspond to any searchable field is typed in the search field" name="Filter executes a listing request with an &quot;$or&quot; search param containing all searchable fields when a string that does not correspond to any searchable field is typed in the search field" time="0.866">
    </testcase>
    <testcase classname="Filter executes a listing request with &quot;&quot;Resource problems&quot;&quot; parameters when &quot;{&quot;resourceTypes&quot;: [Array], &quot;states&quot;: [Array], &quot;statusTypes&quot;: [Array], &quot;statuses&quot;: [Array]}&quot; filter is set" name="Filter executes a listing request with &quot;&quot;Resource problems&quot;&quot; parameters when &quot;{&quot;resourceTypes&quot;: [Array], &quot;states&quot;: [Array], &quot;statusTypes&quot;: [Array], &quot;statuses&quot;: [Array]}&quot; filter is set" time="0.256">
    </testcase>
    <testcase classname="Filter executes a listing request with &quot;&quot;All&quot;&quot; parameters when &quot;{&quot;resourceTypes&quot;: [Array], &quot;states&quot;: [Array], &quot;statusTypes&quot;: [Array], &quot;statuses&quot;: [Array]}&quot; filter is set" name="Filter executes a listing request with &quot;&quot;All&quot;&quot; parameters when &quot;{&quot;resourceTypes&quot;: [Array], &quot;states&quot;: [Array], &quot;statusTypes&quot;: [Array], &quot;statuses&quot;: [Array]}&quot; filter is set" time="0.232">
    </testcase>
    <testcase classname="Filter executes a listing request with current search and selected &quot;Type&quot; criteria when it&apos;s changed" name="Filter executes a listing request with current search and selected &quot;Type&quot; criteria when it&apos;s changed" time="1.37">
    </testcase>
    <testcase classname="Filter executes a listing request with current search and selected &quot;State&quot; criteria when it&apos;s changed" name="Filter executes a listing request with current search and selected &quot;State&quot; criteria when it&apos;s changed" time="1.361">
    </testcase>
    <testcase classname="Filter executes a listing request with current search and selected &quot;Status&quot; criteria when it&apos;s changed" name="Filter executes a listing request with current search and selected &quot;Status&quot; criteria when it&apos;s changed" time="1.453">
    </testcase>
    <testcase classname="Filter executes a listing request with current search and selected &quot;Status type&quot; criteria when it&apos;s changed" name="Filter executes a listing request with current search and selected &quot;Status type&quot; criteria when it&apos;s changed" time="1.18">
    </testcase>
    <testcase classname="Filter executes a listing request with current search and selected &quot;Host group&quot; criteria when it&apos;s changed" name="Filter executes a listing request with current search and selected &quot;Host group&quot; criteria when it&apos;s changed" time="1.419">
    </testcase>
    <testcase classname="Filter executes a listing request with current search and selected &quot;Service group&quot; criteria when it&apos;s changed" name="Filter executes a listing request with current search and selected &quot;Service group&quot; criteria when it&apos;s changed" time="1.606">
    </testcase>
    <testcase classname="Filter accepts the selected autocomplete suggestion when the beginning of a dynamic criteria is input and the &quot;tab&quot; key is pressed" name="Filter accepts the selected autocomplete suggestion when the beginning of a dynamic criteria is input and the &quot;tab&quot; key is pressed" time="3.509">
    </testcase>
    <testcase classname="Filter accepts the selected autocomplete suggestion when the beginning of a dynamic criteria is input and the &quot;enter&quot; key is pressed" name="Filter accepts the selected autocomplete suggestion when the beginning of a dynamic criteria is input and the &quot;enter&quot; key is pressed" time="3.138">
    </testcase>
    <testcase classname="Filter accepts the selected autocomplete suggestion when the beginning of a criteria is input and the tab key is pressed" name="Filter accepts the selected autocomplete suggestion when the beginning of a criteria is input and the tab key is pressed" time="5.017">
    </testcase>
    <testcase classname="Filter Filter storage populates filter with values from localStorage if available" name="Filter Filter storage populates filter with values from localStorage if available" time="2.311">
    </testcase>
    <testcase classname="Filter Filter storage stores filter values in localStorage when updated" name="Filter Filter storage stores filter values in localStorage when updated" time="1.122">
    </testcase>
    <testcase classname="Filter Filter URL query parameters sets the filter according to the filter URL query parameter when given" name="Filter Filter URL query parameters sets the filter according to the filter URL query parameter when given" time="2.821">
    </testcase>
    <testcase classname="Filter Filter URL query parameters resets the filter criterias which are not set in the filter URL query parameter when given" name="Filter Filter URL query parameters resets the filter criterias which are not set in the filter URL query parameter when given" time="0.077">
    </testcase>
  </testsuite>
</testsuites>